<?xml version="1.0" encoding="UTF-8"?>
<testsuite xmlns:xsi="http://www.w3.org/2001/XMLSchema-instance" xsi:noNamespaceSchemaLocation="https://maven.apache.org/surefire/maven-surefire-plugin/xsd/surefire-test-report-3.0.xsd" version="3.0" name="com.assessment.payroll.PayrollProcessorTest" time="0.102" tests="14" errors="0" skipped="0" failures="0">
  <properties>
[...]
</properties>
  <testcase name="testPartTimeEmployeeCap" classname="com.assessment.payroll.PayrollProcessorTest" time="0.003"/>
  <testcase name="testNullEmployeeThrowsException" classname="com.assessment.payroll.PayrollProcessorTest" time="0.001"/>
  <testcase name="testContractor" classname="com.assessment.payroll.PayrollProcessorTest" time="0.001"/>
  <testcase name="testFullTimeEmployee" classname="com.assessment.payroll.PayrollProcessorTest" time="0.001"/>
  <testcase name="testExtremeLargeSalaryPrecision" classname="com.assessment.payroll.PayrollProcessorTest" time="0"/>
  <testcase name="testNegativeWorkUnitsThrowsException" classname="com.assessment.payroll.PayrollProcessorTest" time="0.001"/>
  <testcase name="testDeductionsExceedingGrossPay" classname="com.assessment.payroll.PayrollProcessorTest" time="0.003">
    <system-err><![CDATA[WARNING: Target Deductions (200.00) exceeded absolute Gross Pay (0.00) for Employee: David. Net Pay adjusted successfully to 0.00 limits.
]]></system-err>
  </testcase>
  <testcase name="testTaxBrackets(double, double)[1]" classname="com.assessment.payroll.PayrollProcessorTest" time="0.008"/>
  <testcase name="testTaxBrackets(double, double)[2]" classname="com.assessment.payroll.PayrollProcessorTest" time="0"/>
  <testcase name="testTaxBrackets(double, double)[3]" classname="com.assessment.payroll.PayrollProcessorTest" time="0"/>
  <testcase name="testTaxBrackets(double, double)[4]" classname="com.assessment.payroll.PayrollProcessorTest" time="0"/>
  <testcase name="testTaxBrackets(double, double)[5]" classname="com.assessment.payroll.PayrollProcessorTest" time="0.001"/>
  <testcase name="testTaxBrackets(double, double)[6]" classname="com.assessment.payroll.PayrollProcessorTest" time="0.001"/>
  <testcase name="testTaxBrackets(double, double)[7]" classname="com.assessment.payroll.PayrollProcessorTest" time="0"/>
</testsuite>